<?xml version="1.0" encoding="UTF-8"?>
<testsuite name="ca.mcgill.ecse321_group14.GameShop.integration.ReplyIntegrationTests" tests="7" skipped="0" failures="0" errors="0" timestamp="2024-11-26T00:08:37" hostname="Dianas-MacBook-Air.local" time="0.147">
  <properties/>
  <testcase name="testCreateManager()" classname="ca.mcgill.ecse321_group14.GameShop.integration.ReplyIntegrationTests" time="0.013"/>
  <testcase name="testCreateCustomer()" classname="ca.mcgill.ecse321_group14.GameShop.integration.ReplyIntegrationTests" time="0.011"/>
  <testcase name="testCreateGame()" classname="ca.mcgill.ecse321_group14.GameShop.integration.ReplyIntegrationTests" time="0.007"/>
  <testcase name="testCreateReview()" classname="ca.mcgill.ecse321_group14.GameShop.integration.ReplyIntegrationTests" time="0.038"/>
  <testcase name="testCreateReply()" classname="ca.mcgill.ecse321_group14.GameShop.integration.ReplyIntegrationTests" time="0.04"/>
  <testcase name="testGetReply()" classname="ca.mcgill.ecse321_group14.GameShop.integration.ReplyIntegrationTests" time="0.015"/>
  <testcase name="testDeleteReply()" classname="ca.mcgill.ecse321_group14.GameShop.integration.ReplyIntegrationTests" time="0.019"/>
  <system-out><![CDATA[2024-11-25T19:08:37.209-05:00  INFO 27174 --- [GameShop] [    Test worker] t.c.s.AnnotationConfigContextLoaderUtils : Could not detect default configuration classes for test class [ca.mcgill.ecse321_group14.GameShop.integration.ReplyIntegrationTests]: ReplyIntegrationTests does not declare any static, non-private, non-final, nested classes annotated with @Configuration.
2024-11-25T19:08:37.210-05:00  INFO 27174 --- [GameShop] [    Test worker] .b.t.c.SpringBootTestContextBootstrapper : Found @SpringBootConfiguration ca.mcgill.ecse321_group14.GameShop.GameShopApplication for test class ca.mcgill.ecse321_group14.GameShop.integration.ReplyIntegrationTests
]]></system-out>
  <system-err><![CDATA[]]></system-err>
</testsuite>
