<?xml version="1.0" encoding="UTF-8"?>
<testsuite name="ca.mcgill.ecse321_group14.GameShop.service.EmployeeServiceTests" tests="23" skipped="0" failures="0" errors="0" timestamp="2024-11-26T00:08:41" hostname="Dianas-MacBook-Air.local" time="0.204">
  <properties/>
  <testcase name="testDeleteEmployee()" classname="ca.mcgill.ecse321_group14.GameShop.service.EmployeeServiceTests" time="0.019"/>
  <testcase name="testCreatEmployeeNullUsername()" classname="ca.mcgill.ecse321_group14.GameShop.service.EmployeeServiceTests" time="0.008"/>
  <testcase name="testFindEmployeeByNullEmail()" classname="ca.mcgill.ecse321_group14.GameShop.service.EmployeeServiceTests" time="0.005"/>
  <testcase name="testEmployeeLoginIncorrectPassword()" classname="ca.mcgill.ecse321_group14.GameShop.service.EmployeeServiceTests" time="0.005"/>
  <testcase name="testEmployeeLoginNullEmail()" classname="ca.mcgill.ecse321_group14.GameShop.service.EmployeeServiceTests" time="0.009"/>
  <testcase name="testFindEmployeeByNullId()" classname="ca.mcgill.ecse321_group14.GameShop.service.EmployeeServiceTests" time="0.004"/>
  <testcase name="testDeleteEmployeeNullId()" classname="ca.mcgill.ecse321_group14.GameShop.service.EmployeeServiceTests" time="0.006"/>
  <testcase name="testDeleteEmployeeNonExistentId()" classname="ca.mcgill.ecse321_group14.GameShop.service.EmployeeServiceTests" time="0.006"/>
  <testcase name="testFindEmployeeByEmail()" classname="ca.mcgill.ecse321_group14.GameShop.service.EmployeeServiceTests" time="0.008"/>
  <testcase name="testFindEmployeeByNonExistentId()" classname="ca.mcgill.ecse321_group14.GameShop.service.EmployeeServiceTests" time="0.006"/>
  <testcase name="testEmployeeLogin()" classname="ca.mcgill.ecse321_group14.GameShop.service.EmployeeServiceTests" time="0.003"/>
  <testcase name="testFindEmployeeByNonExistentEmail()" classname="ca.mcgill.ecse321_group14.GameShop.service.EmployeeServiceTests" time="0.004"/>
  <testcase name="testEmployeeLoginNonExistentEmail()" classname="ca.mcgill.ecse321_group14.GameShop.service.EmployeeServiceTests" time="0.005"/>
  <testcase name="testUpdateEmployeeNullUsername()" classname="ca.mcgill.ecse321_group14.GameShop.service.EmployeeServiceTests" time="0.004"/>
  <testcase name="testUpdateEmployee()" classname="ca.mcgill.ecse321_group14.GameShop.service.EmployeeServiceTests" time="0.006"/>
  <testcase name="testCreateEmployee()" classname="ca.mcgill.ecse321_group14.GameShop.service.EmployeeServiceTests" time="0.005"/>
  <testcase name="testEmployeeLoginIncorrectEmail()" classname="ca.mcgill.ecse321_group14.GameShop.service.EmployeeServiceTests" time="0.004"/>
  <testcase name="testCreatEmployeeNullEmail()" classname="ca.mcgill.ecse321_group14.GameShop.service.EmployeeServiceTests" time="0.005"/>
  <testcase name="testFindEmployeeById()" classname="ca.mcgill.ecse321_group14.GameShop.service.EmployeeServiceTests" time="0.004"/>
  <testcase name="testCreateEmployeeNullPassword()" classname="ca.mcgill.ecse321_group14.GameShop.service.EmployeeServiceTests" time="0.005"/>
  <testcase name="testEmployeeLoginNullPassword()" classname="ca.mcgill.ecse321_group14.GameShop.service.EmployeeServiceTests" time="0.004"/>
  <testcase name="testUpdateEmployeeNullEmail()" classname="ca.mcgill.ecse321_group14.GameShop.service.EmployeeServiceTests" time="0.006"/>
  <testcase name="testUpdateEmployeeNullPassword()" classname="ca.mcgill.ecse321_group14.GameShop.service.EmployeeServiceTests" time="0.004"/>
  <system-out><![CDATA[2024-11-25T19:08:41.176-05:00  INFO 27174 --- [GameShop] [    Test worker] t.c.s.AnnotationConfigContextLoaderUtils : Could not detect default configuration classes for test class [ca.mcgill.ecse321_group14.GameShop.service.EmployeeServiceTests]: EmployeeServiceTests does not declare any static, non-private, non-final, nested classes annotated with @Configuration.
2024-11-25T19:08:41.229-05:00  INFO 27174 --- [GameShop] [    Test worker] .b.t.c.SpringBootTestContextBootstrapper : Found @SpringBootConfiguration ca.mcgill.ecse321_group14.GameShop.GameShopApplication for test class ca.mcgill.ecse321_group14.GameShop.service.EmployeeServiceTests
]]></system-out>
  <system-err><![CDATA[]]></system-err>
</testsuite>
