<?xml version="1.0" encoding="UTF-8"?>
<testsuite name="ca.mcgill.ecse321_group14.GameShop.integration.AccountIntegrationTests" tests="39" skipped="0" failures="0" errors="0" timestamp="2024-11-26T00:08:31" hostname="Dianas-MacBook-Air.local" time="2.644">
  <properties/>
  <testcase name="testCreateValidCustomer()" classname="ca.mcgill.ecse321_group14.GameShop.integration.AccountIntegrationTests" time="0.952"/>
  <testcase name="testCreateValidEmployee()" classname="ca.mcgill.ecse321_group14.GameShop.integration.AccountIntegrationTests" time="0.093"/>
  <testcase name="testCreateValidManager()" classname="ca.mcgill.ecse321_group14.GameShop.integration.AccountIntegrationTests" time="0.021"/>
  <testcase name="testGetValidCustomerById()" classname="ca.mcgill.ecse321_group14.GameShop.integration.AccountIntegrationTests" time="0.626"/>
  <testcase name="testGetValidEmployeeById()" classname="ca.mcgill.ecse321_group14.GameShop.integration.AccountIntegrationTests" time="0.107"/>
  <testcase name="testGetValidManagerById()" classname="ca.mcgill.ecse321_group14.GameShop.integration.AccountIntegrationTests" time="0.03"/>
  <testcase name="testGetAllCustomers()" classname="ca.mcgill.ecse321_group14.GameShop.integration.AccountIntegrationTests" time="0.065"/>
  <testcase name="testGetAllEmployees()" classname="ca.mcgill.ecse321_group14.GameShop.integration.AccountIntegrationTests" time="0.027"/>
  <testcase name="testUpdateCustomer()" classname="ca.mcgill.ecse321_group14.GameShop.integration.AccountIntegrationTests" time="0.043"/>
  <testcase name="testUpdateEmployee()" classname="ca.mcgill.ecse321_group14.GameShop.integration.AccountIntegrationTests" time="0.025"/>
  <testcase name="testUpdateManager()" classname="ca.mcgill.ecse321_group14.GameShop.integration.AccountIntegrationTests" time="0.019"/>
  <testcase name="testFindCustomerByNullId()" classname="ca.mcgill.ecse321_group14.GameShop.integration.AccountIntegrationTests" time="0.025"/>
  <testcase name="testFindEmployeeByNullId()" classname="ca.mcgill.ecse321_group14.GameShop.integration.AccountIntegrationTests" time="0.019"/>
  <testcase name="testFindManagerByNullId()" classname="ca.mcgill.ecse321_group14.GameShop.integration.AccountIntegrationTests" time="0.011"/>
  <testcase name="testUpdateCustomerWithNullId()" classname="ca.mcgill.ecse321_group14.GameShop.integration.AccountIntegrationTests" time="0.012"/>
  <testcase name="testUpdateEmployeeWithNullId()" classname="ca.mcgill.ecse321_group14.GameShop.integration.AccountIntegrationTests" time="0.013"/>
  <testcase name="testUpdateManagerWithNullId()" classname="ca.mcgill.ecse321_group14.GameShop.integration.AccountIntegrationTests" time="0.032"/>
  <testcase name="testLoginCustomer()" classname="ca.mcgill.ecse321_group14.GameShop.integration.AccountIntegrationTests" time="0.041"/>
  <testcase name="testLoginEmployee()" classname="ca.mcgill.ecse321_group14.GameShop.integration.AccountIntegrationTests" time="0.021"/>
  <testcase name="testLoginManager()" classname="ca.mcgill.ecse321_group14.GameShop.integration.AccountIntegrationTests" time="0.022"/>
  <testcase name="testLoginCustomerWrongPassword()" classname="ca.mcgill.ecse321_group14.GameShop.integration.AccountIntegrationTests" time="0.015"/>
  <testcase name="testLoginEmployeeWrongPassword()" classname="ca.mcgill.ecse321_group14.GameShop.integration.AccountIntegrationTests" time="0.014"/>
  <testcase name="testLoginManagerWrongPassword()" classname="ca.mcgill.ecse321_group14.GameShop.integration.AccountIntegrationTests" time="0.013"/>
  <testcase name="testDeleteCustomer()" classname="ca.mcgill.ecse321_group14.GameShop.integration.AccountIntegrationTests" time="0.041"/>
  <testcase name="testDeleteEmployee()" classname="ca.mcgill.ecse321_group14.GameShop.integration.AccountIntegrationTests" time="0.024"/>
  <testcase name="testDeleteCustomerNotFound()" classname="ca.mcgill.ecse321_group14.GameShop.integration.AccountIntegrationTests" time="0.022"/>
  <testcase name="testDeleteEmployeeNotFound()" classname="ca.mcgill.ecse321_group14.GameShop.integration.AccountIntegrationTests" time="0.02"/>
  <testcase name="testUpdateManagerManagerNotFound()" classname="ca.mcgill.ecse321_group14.GameShop.integration.AccountIntegrationTests" time="0.054"/>
  <testcase name="testUpdateEmployeeEmployeeNotFound()" classname="ca.mcgill.ecse321_group14.GameShop.integration.AccountIntegrationTests" time="0.02"/>
  <testcase name="testUpdateCustomerCustomerNotFound()" classname="ca.mcgill.ecse321_group14.GameShop.integration.AccountIntegrationTests" time="0.013"/>
  <testcase name="testGetCustomerByIdCustomerNotFound()" classname="ca.mcgill.ecse321_group14.GameShop.integration.AccountIntegrationTests" time="0.016"/>
  <testcase name="testGetEmployeeByIdEmployeeNotFound()" classname="ca.mcgill.ecse321_group14.GameShop.integration.AccountIntegrationTests" time="0.01"/>
  <testcase name="testGetManagerByIdManagerNotFound()" classname="ca.mcgill.ecse321_group14.GameShop.integration.AccountIntegrationTests" time="0.014"/>
  <testcase name="testGetCustomerBy0Id()" classname="ca.mcgill.ecse321_group14.GameShop.integration.AccountIntegrationTests" time="0.016"/>
  <testcase name="testGetEmployeeBy0Id()" classname="ca.mcgill.ecse321_group14.GameShop.integration.AccountIntegrationTests" time="0.01"/>
  <testcase name="testGetManagerBy0Id()" classname="ca.mcgill.ecse321_group14.GameShop.integration.AccountIntegrationTests" time="0.013"/>
  <testcase name="testUpdateCustomerWith0Id()" classname="ca.mcgill.ecse321_group14.GameShop.integration.AccountIntegrationTests" time="0.022"/>
  <testcase name="testUpdateEmployeeWith0Id()" classname="ca.mcgill.ecse321_group14.GameShop.integration.AccountIntegrationTests" time="0.025"/>
  <testcase name="testUpdateManagerWith0Id()" classname="ca.mcgill.ecse321_group14.GameShop.integration.AccountIntegrationTests" time="0.008"/>
  <system-out><![CDATA[2024-11-25T19:08:26.779-05:00  INFO 27174 --- [GameShop] [    Test worker] t.c.s.AnnotationConfigContextLoaderUtils : Could not detect default configuration classes for test class [ca.mcgill.ecse321_group14.GameShop.integration.AccountIntegrationTests]: AccountIntegrationTests does not declare any static, non-private, non-final, nested classes annotated with @Configuration.
2024-11-25T19:08:26.860-05:00  INFO 27174 --- [GameShop] [    Test worker] .b.t.c.SpringBootTestContextBootstrapper : Found @SpringBootConfiguration ca.mcgill.ecse321_group14.GameShop.GameShopApplication for test class ca.mcgill.ecse321_group14.GameShop.integration.AccountIntegrationTests

  .   ____          _            __ _ _
 /\\ / ___'_ __ _ _(_)_ __  __ _ \ \ \ \
( ( )\___ | '_ | '_| | '_ \/ _` | \ \ \ \
 \\/  ___)| |_)| | | | | || (_| |  ) ) ) )
  '  |____| .__|_| |_|_| |_\__, | / / / /
 =========|_|==============|___/=/_/_/_/

 :: Spring Boot ::                (v3.3.4)

2024-11-25T19:08:26.998-05:00  INFO 27174 --- [GameShop] [    Test worker] c.m.e.G.i.AccountIntegrationTests        : Starting AccountIntegrationTests using Java 21.0.4 with PID 27174 (started by dianabodik in /Users/dianabodik/Desktop/321proj/project-group-14)
2024-11-25T19:08:26.999-05:00  INFO 27174 --- [GameShop] [    Test worker] c.m.e.G.i.AccountIntegrationTests        : No active profile set, falling back to 1 default profile: "default"
2024-11-25T19:08:27.461-05:00  INFO 27174 --- [GameShop] [    Test worker] .s.d.r.c.RepositoryConfigurationDelegate : Bootstrapping Spring Data JPA repositories in DEFAULT mode.
2024-11-25T19:08:27.500-05:00  INFO 27174 --- [GameShop] [    Test worker] .s.d.r.c.RepositoryConfigurationDelegate : Finished Spring Data repository scanning in 37 ms. Found 13 JPA repository interfaces.
2024-11-25T19:08:28.150-05:00  INFO 27174 --- [GameShop] [    Test worker] o.s.b.w.embedded.tomcat.TomcatWebServer  : Tomcat initialized with port 0 (http)
2024-11-25T19:08:28.224-05:00  INFO 27174 --- [GameShop] [    Test worker] o.apache.catalina.core.StandardService   : Starting service [Tomcat]
2024-11-25T19:08:28.226-05:00  INFO 27174 --- [GameShop] [    Test worker] o.apache.catalina.core.StandardEngine    : Starting Servlet engine: [Apache Tomcat/10.1.30]
2024-11-25T19:08:28.344-05:00  INFO 27174 --- [GameShop] [    Test worker] o.a.c.c.C.[Tomcat].[localhost].[/]       : Initializing Spring embedded WebApplicationContext
2024-11-25T19:08:28.346-05:00  INFO 27174 --- [GameShop] [    Test worker] w.s.c.ServletWebServerApplicationContext : Root WebApplicationContext: initialization completed in 1333 ms
2024-11-25T19:08:28.719-05:00  INFO 27174 --- [GameShop] [    Test worker] o.hibernate.jpa.internal.util.LogHelper  : HHH000204: Processing PersistenceUnitInfo [name: default]
2024-11-25T19:08:28.727-05:00  INFO 27174 --- [GameShop] [    Test worker] o.h.c.internal.RegionFactoryInitiator    : HHH000026: Second-level cache disabled
2024-11-25T19:08:28.774-05:00  INFO 27174 --- [GameShop] [    Test worker] o.s.o.j.p.SpringPersistenceUnitInfo      : No LoadTimeWeaver setup: ignoring JPA class transformer
2024-11-25T19:08:28.776-05:00  INFO 27174 --- [GameShop] [    Test worker] com.zaxxer.hikari.HikariDataSource       : HikariPool-2 - Starting...
2024-11-25T19:08:28.848-05:00  INFO 27174 --- [GameShop] [    Test worker] com.zaxxer.hikari.pool.HikariPool        : HikariPool-2 - Added connection org.postgresql.jdbc.PgConnection@ff05b4d
2024-11-25T19:08:28.850-05:00  INFO 27174 --- [GameShop] [    Test worker] com.zaxxer.hikari.HikariDataSource       : HikariPool-2 - Start completed.
2024-11-25T19:08:28.858-05:00  WARN 27174 --- [GameShop] [    Test worker] org.hibernate.orm.deprecation            : HHH90000025: PostgreSQLDialect does not need to be specified explicitly using 'hibernate.dialect' (remove the property setting and it will be selected by default)
2024-11-25T19:08:28.875-05:00  WARN 27174 --- [GameShop] [    Test worker] o.h.boot.model.internal.EntityBinder     : HHH000457: Joined inheritance hierarchy [ca.mcgill.ecse321_group14.GameShop.model.Person] defined explicit @DiscriminatorColumn.  Legacy Hibernate behavior was to ignore the @DiscriminatorColumn.  However, as part of issue HHH-6911 we now apply the explicit @DiscriminatorColumn.  If you would prefer the legacy behavior, enable the `hibernate.discriminator.ignore_explicit_for_joined` setting (hibernate.discriminator.ignore_explicit_for_joined=true)
2024-11-25T19:08:29.635-05:00  INFO 27174 --- [GameShop] [    Test worker] o.h.e.t.j.p.i.JtaPlatformInitiator       : HHH000489: No JTA platform available (set 'hibernate.transaction.jta.platform' to enable JTA platform integration)
2024-11-25T19:08:29.807-05:00  INFO 27174 --- [GameShop] [    Test worker] j.LocalContainerEntityManagerFactoryBean : Initialized JPA EntityManagerFactory for persistence unit 'default'
2024-11-25T19:08:30.624-05:00  WARN 27174 --- [GameShop] [    Test worker] JpaBaseConfiguration$JpaWebConfiguration : spring.jpa.open-in-view is enabled by default. Therefore, database queries may be performed during view rendering. Explicitly configure spring.jpa.open-in-view to disable this warning
2024-11-25T19:08:31.187-05:00  INFO 27174 --- [GameShop] [    Test worker] o.s.b.w.embedded.tomcat.TomcatWebServer  : Tomcat started on port 56813 (http) with context path '/'
2024-11-25T19:08:31.203-05:00  INFO 27174 --- [GameShop] [    Test worker] c.m.e.G.i.AccountIntegrationTests        : Started AccountIntegrationTests in 4.316 seconds (process running for 23.722)
2024-11-25T19:08:31.762-05:00  INFO 27174 --- [GameShop] [o-auto-1-exec-1] o.a.c.c.C.[Tomcat].[localhost].[/]       : Initializing Spring DispatcherServlet 'dispatcherServlet'
2024-11-25T19:08:31.772-05:00  INFO 27174 --- [GameShop] [o-auto-1-exec-1] o.s.web.servlet.DispatcherServlet        : Initializing Servlet 'dispatcherServlet'
2024-11-25T19:08:31.798-05:00  INFO 27174 --- [GameShop] [o-auto-1-exec-1] o.s.web.servlet.DispatcherServlet        : Completed initialization in 22 ms
]]></system-out>
  <system-err><![CDATA[]]></system-err>
</testsuite>
