<?xml version="1.0" encoding="UTF-8"?>
<testsuite name="ca.mcgill.ecse321_group14.GameShop.integration.GameApprovalIntegrationTests" tests="5" skipped="0" failures="0" errors="0" timestamp="2024-11-26T00:08:34" hostname="Dianas-MacBook-Air.local" time="0.634">
  <properties/>
  <testcase name="testCreateGameApprovalRequest()" classname="ca.mcgill.ecse321_group14.GameShop.integration.GameApprovalIntegrationTests" time="0.384"/>
  <testcase name="testGetGameApprovalRequestById()" classname="ca.mcgill.ecse321_group14.GameShop.integration.GameApprovalIntegrationTests" time="0.08"/>
  <testcase name="testUpdateGameApprovalRequest()" classname="ca.mcgill.ecse321_group14.GameShop.integration.GameApprovalIntegrationTests" time="0.073"/>
  <testcase name="testDeleteGameApprovalRequest()" classname="ca.mcgill.ecse321_group14.GameShop.integration.GameApprovalIntegrationTests" time="0.045"/>
  <testcase name="testGetAllGameApprovalRequests()" classname="ca.mcgill.ecse321_group14.GameShop.integration.GameApprovalIntegrationTests" time="0.045"/>
  <system-out><![CDATA[2024-11-25T19:08:33.956-05:00  INFO 27174 --- [GameShop] [    Test worker] t.c.s.AnnotationConfigContextLoaderUtils : Could not detect default configuration classes for test class [ca.mcgill.ecse321_group14.GameShop.integration.GameApprovalIntegrationTests]: GameApprovalIntegrationTests does not declare any static, non-private, non-final, nested classes annotated with @Configuration.
2024-11-25T19:08:33.971-05:00  INFO 27174 --- [GameShop] [    Test worker] .b.t.c.SpringBootTestContextBootstrapper : Found @SpringBootConfiguration ca.mcgill.ecse321_group14.GameShop.GameShopApplication for test class ca.mcgill.ecse321_group14.GameShop.integration.GameApprovalIntegrationTests
]]></system-out>
  <system-err><![CDATA[]]></system-err>
</testsuite>
