<?xml version="1.0" encoding="UTF-8"?>
<testsuite name="ca.mcgill.ecse321_group14.GameShop.service.ReviewServiceTests" tests="16" skipped="0" failures="0" errors="0" timestamp="2024-11-26T00:08:45" hostname="Dianas-MacBook-Air.local" time="0.151">
  <properties/>
  <testcase name="testCreateReviewWithNonexistentGame()" classname="ca.mcgill.ecse321_group14.GameShop.service.ReviewServiceTests" time="0.007"/>
  <testcase name="testGetReviewByValidId()" classname="ca.mcgill.ecse321_group14.GameShop.service.ReviewServiceTests" time="0.009"/>
  <testcase name="testUpdateReviewWithNonexistentGame()" classname="ca.mcgill.ecse321_group14.GameShop.service.ReviewServiceTests" time="0.01"/>
  <testcase name="testCreateReviewWithNullDescription()" classname="ca.mcgill.ecse321_group14.GameShop.service.ReviewServiceTests" time="0.005"/>
  <testcase name="testUpdateReviewWithNullRanking()" classname="ca.mcgill.ecse321_group14.GameShop.service.ReviewServiceTests" time="0.006"/>
  <testcase name="testUpdateReview()" classname="ca.mcgill.ecse321_group14.GameShop.service.ReviewServiceTests" time="0.005"/>
  <testcase name="testCreateReviewWithNonexistentCustomer()" classname="ca.mcgill.ecse321_group14.GameShop.service.ReviewServiceTests" time="0.005"/>
  <testcase name="testUpdateReviewWithNonexistentReview()" classname="ca.mcgill.ecse321_group14.GameShop.service.ReviewServiceTests" time="0.005"/>
  <testcase name="testDeleteReview()" classname="ca.mcgill.ecse321_group14.GameShop.service.ReviewServiceTests" time="0.005"/>
  <testcase name="testCreateReviewWithEmptyDescription()" classname="ca.mcgill.ecse321_group14.GameShop.service.ReviewServiceTests" time="0.004"/>
  <testcase name="testCreateValidReview()" classname="ca.mcgill.ecse321_group14.GameShop.service.ReviewServiceTests" time="0.007"/>
  <testcase name="testUpdateReviewWithNullDescription()" classname="ca.mcgill.ecse321_group14.GameShop.service.ReviewServiceTests" time="0.005"/>
  <testcase name="testUpdateReviewWithNonexistentCustomer()" classname="ca.mcgill.ecse321_group14.GameShop.service.ReviewServiceTests" time="0.007"/>
  <testcase name="testGetReviewByInvalidId()" classname="ca.mcgill.ecse321_group14.GameShop.service.ReviewServiceTests" time="0.005"/>
  <testcase name="testCreateReviewWithNullRanking()" classname="ca.mcgill.ecse321_group14.GameShop.service.ReviewServiceTests" time="0.004"/>
  <testcase name="testUpdateReviewWithEmptyDescription()" classname="ca.mcgill.ecse321_group14.GameShop.service.ReviewServiceTests" time="0.006"/>
  <system-out><![CDATA[2024-11-25T19:08:45.099-05:00  INFO 27174 --- [GameShop] [    Test worker] t.c.s.AnnotationConfigContextLoaderUtils : Could not detect default configuration classes for test class [ca.mcgill.ecse321_group14.GameShop.service.ReviewServiceTests]: ReviewServiceTests does not declare any static, non-private, non-final, nested classes annotated with @Configuration.
2024-11-25T19:08:45.103-05:00  INFO 27174 --- [GameShop] [    Test worker] .b.t.c.SpringBootTestContextBootstrapper : Found @SpringBootConfiguration ca.mcgill.ecse321_group14.GameShop.GameShopApplication for test class ca.mcgill.ecse321_group14.GameShop.service.ReviewServiceTests
]]></system-out>
  <system-err><![CDATA[]]></system-err>
</testsuite>
