<?xml version="1.0" encoding="UTF-8"?>
<testsuite name="ca.mcgill.ecse321_group14.GameShop.GameShopApplicationTests" tests="1" skipped="0" failures="0" errors="0" timestamp="2024-11-26T00:08:25" hostname="Dianas-MacBook-Air.local" time="1.49">
  <properties/>
  <testcase name="contextLoads()" classname="ca.mcgill.ecse321_group14.GameShop.GameShopApplicationTests" time="1.49"/>
  <system-out><![CDATA[19:08:10.718 [Test worker] INFO org.springframework.test.context.support.AnnotationConfigContextLoaderUtils -- Could not detect default configuration classes for test class [ca.mcgill.ecse321_group14.GameShop.GameShopApplicationTests]: GameShopApplicationTests does not declare any static, non-private, non-final, nested classes annotated with @Configuration.
19:08:10.979 [Test worker] INFO org.springframework.boot.test.context.SpringBootTestContextBootstrapper -- Found @SpringBootConfiguration ca.mcgill.ecse321_group14.GameShop.GameShopApplication for test class ca.mcgill.ecse321_group14.GameShop.GameShopApplicationTests

  .   ____          _            __ _ _
 /\\ / ___'_ __ _ _(_)_ __  __ _ \ \ \ \
( ( )\___ | '_ | '_| | '_ \/ _` | \ \ \ \
 \\/  ___)| |_)| | | | | || (_| |  ) ) ) )
  '  |____| .__|_| |_|_| |_\__, | / / / /
 =========|_|==============|___/=/_/_/_/

 :: Spring Boot ::                (v3.3.4)

2024-11-25T19:08:12.095-05:00  INFO 27174 --- [GameShop] [    Test worker] c.m.e.GameShop.GameShopApplicationTests  : Starting GameShopApplicationTests using Java 21.0.4 with PID 27174 (started by dianabodik in /Users/dianabodik/Desktop/321proj/project-group-14)
2024-11-25T19:08:12.131-05:00  INFO 27174 --- [GameShop] [    Test worker] c.m.e.GameShop.GameShopApplicationTests  : No active profile set, falling back to 1 default profile: "default"
2024-11-25T19:08:14.315-05:00  INFO 27174 --- [GameShop] [    Test worker] .s.d.r.c.RepositoryConfigurationDelegate : Bootstrapping Spring Data JPA repositories in DEFAULT mode.
2024-11-25T19:08:14.504-05:00  INFO 27174 --- [GameShop] [    Test worker] .s.d.r.c.RepositoryConfigurationDelegate : Finished Spring Data repository scanning in 175 ms. Found 13 JPA repository interfaces.
2024-11-25T19:08:16.133-05:00  INFO 27174 --- [GameShop] [    Test worker] o.hibernate.jpa.internal.util.LogHelper  : HHH000204: Processing PersistenceUnitInfo [name: default]
2024-11-25T19:08:16.253-05:00  INFO 27174 --- [GameShop] [    Test worker] org.hibernate.Version                    : HHH000412: Hibernate ORM core version 6.5.3.Final
2024-11-25T19:08:16.329-05:00  INFO 27174 --- [GameShop] [    Test worker] o.h.c.internal.RegionFactoryInitiator    : HHH000026: Second-level cache disabled
2024-11-25T19:08:16.864-05:00  INFO 27174 --- [GameShop] [    Test worker] o.s.o.j.p.SpringPersistenceUnitInfo      : No LoadTimeWeaver setup: ignoring JPA class transformer
2024-11-25T19:08:16.921-05:00  INFO 27174 --- [GameShop] [    Test worker] com.zaxxer.hikari.HikariDataSource       : HikariPool-1 - Starting...
2024-11-25T19:08:17.327-05:00  INFO 27174 --- [GameShop] [    Test worker] com.zaxxer.hikari.pool.HikariPool        : HikariPool-1 - Added connection org.postgresql.jdbc.PgConnection@44bd3dc5
2024-11-25T19:08:17.332-05:00  INFO 27174 --- [GameShop] [    Test worker] com.zaxxer.hikari.HikariDataSource       : HikariPool-1 - Start completed.
2024-11-25T19:08:17.405-05:00  WARN 27174 --- [GameShop] [    Test worker] org.hibernate.orm.deprecation            : HHH90000025: PostgreSQLDialect does not need to be specified explicitly using 'hibernate.dialect' (remove the property setting and it will be selected by default)
2024-11-25T19:08:17.634-05:00  WARN 27174 --- [GameShop] [    Test worker] o.h.boot.model.internal.EntityBinder     : HHH000457: Joined inheritance hierarchy [ca.mcgill.ecse321_group14.GameShop.model.Person] defined explicit @DiscriminatorColumn.  Legacy Hibernate behavior was to ignore the @DiscriminatorColumn.  However, as part of issue HHH-6911 we now apply the explicit @DiscriminatorColumn.  If you would prefer the legacy behavior, enable the `hibernate.discriminator.ignore_explicit_for_joined` setting (hibernate.discriminator.ignore_explicit_for_joined=true)
2024-11-25T19:08:20.480-05:00  INFO 27174 --- [GameShop] [    Test worker] o.h.e.t.j.p.i.JtaPlatformInitiator       : HHH000489: No JTA platform available (set 'hibernate.transaction.jta.platform' to enable JTA platform integration)
2024-11-25T19:08:20.837-05:00  INFO 27174 --- [GameShop] [    Test worker] j.LocalContainerEntityManagerFactoryBean : Initialized JPA EntityManagerFactory for persistence unit 'default'
2024-11-25T19:08:23.510-05:00  WARN 27174 --- [GameShop] [    Test worker] JpaBaseConfiguration$JpaWebConfiguration : spring.jpa.open-in-view is enabled by default. Therefore, database queries may be performed during view rendering. Explicitly configure spring.jpa.open-in-view to disable this warning
2024-11-25T19:08:25.101-05:00  INFO 27174 --- [GameShop] [    Test worker] c.m.e.GameShop.GameShopApplicationTests  : Started GameShopApplicationTests in 13.852 seconds (process running for 17.62)
]]></system-out>
  <system-err><![CDATA[WARNING: A Java agent has been loaded dynamically (/Users/dianabodik/.gradle/caches/modules-2/files-2.1/net.bytebuddy/byte-buddy-agent/1.14.19/154da3a65b4f4a909d3e5bdec55d1b2b4cbb6ce1/byte-buddy-agent-1.14.19.jar)
WARNING: If a serviceability tool is in use, please run with -XX:+EnableDynamicAgentLoading to hide this warning
WARNING: If a serviceability tool is not in use, please run with -Djdk.instrument.traceUsage for more information
WARNING: Dynamic loading of agents will be disallowed by default in a future release
]]></system-err>
</testsuite>
