<?xml version="1.0" encoding="UTF-8"?>
<testsuite name="ca.mcgill.ecse321_group14.GameShop.service.ManagerServiceTests" tests="21" skipped="0" failures="0" errors="0" timestamp="2024-11-26T00:08:43" hostname="Dianas-MacBook-Air.local" time="0.207">
  <properties/>
  <testcase name="testManagerLogin()" classname="ca.mcgill.ecse321_group14.GameShop.service.ManagerServiceTests" time="0.017"/>
  <testcase name="testGetManagerById()" classname="ca.mcgill.ecse321_group14.GameShop.service.ManagerServiceTests" time="0.006"/>
  <testcase name="testCreateManagerNullPassword()" classname="ca.mcgill.ecse321_group14.GameShop.service.ManagerServiceTests" time="0.004"/>
  <testcase name="testUpdateManagerNullPassword()" classname="ca.mcgill.ecse321_group14.GameShop.service.ManagerServiceTests" time="0.006"/>
  <testcase name="testManagerLoginNullEmail()" classname="ca.mcgill.ecse321_group14.GameShop.service.ManagerServiceTests" time="0.007"/>
  <testcase name="testManagerLoginNonExistentEmail()" classname="ca.mcgill.ecse321_group14.GameShop.service.ManagerServiceTests" time="0.004"/>
  <testcase name="testUpdateManagerNullEmail()" classname="ca.mcgill.ecse321_group14.GameShop.service.ManagerServiceTests" time="0.006"/>
  <testcase name="testGetManagerByEmailNullEmail()" classname="ca.mcgill.ecse321_group14.GameShop.service.ManagerServiceTests" time="0.008"/>
  <testcase name="testManagerLoginNullPassword()" classname="ca.mcgill.ecse321_group14.GameShop.service.ManagerServiceTests" time="0.008"/>
  <testcase name="testCreateManager()" classname="ca.mcgill.ecse321_group14.GameShop.service.ManagerServiceTests" time="0.009"/>
  <testcase name="testGetManagerByEmail()" classname="ca.mcgill.ecse321_group14.GameShop.service.ManagerServiceTests" time="0.006"/>
  <testcase name="testGetManagerByIdNullId()" classname="ca.mcgill.ecse321_group14.GameShop.service.ManagerServiceTests" time="0.007"/>
  <testcase name="testUpdateManager()" classname="ca.mcgill.ecse321_group14.GameShop.service.ManagerServiceTests" time="0.009"/>
  <testcase name="testGetManagerByNonExistentEmail()" classname="ca.mcgill.ecse321_group14.GameShop.service.ManagerServiceTests" time="0.005"/>
  <testcase name="testUpdateManagerNullId()" classname="ca.mcgill.ecse321_group14.GameShop.service.ManagerServiceTests" time="0.004"/>
  <testcase name="testCreateManagerNullUsername()" classname="ca.mcgill.ecse321_group14.GameShop.service.ManagerServiceTests" time="0.003"/>
  <testcase name="testManagerLoginIncorrectEmail()" classname="ca.mcgill.ecse321_group14.GameShop.service.ManagerServiceTests" time="0.004"/>
  <testcase name="testUpdateManagerNullUsername()" classname="ca.mcgill.ecse321_group14.GameShop.service.ManagerServiceTests" time="0.006"/>
  <testcase name="testManagerLoginIncorrectPassword()" classname="ca.mcgill.ecse321_group14.GameShop.service.ManagerServiceTests" time="0.004"/>
  <testcase name="testCreateManagerNullEmail()" classname="ca.mcgill.ecse321_group14.GameShop.service.ManagerServiceTests" time="0.005"/>
  <testcase name="testGetManagerByNonExistentId()" classname="ca.mcgill.ecse321_group14.GameShop.service.ManagerServiceTests" time="0.004"/>
  <system-out><![CDATA[2024-11-25T19:08:43.155-05:00  INFO 27174 --- [GameShop] [    Test worker] t.c.s.AnnotationConfigContextLoaderUtils : Could not detect default configuration classes for test class [ca.mcgill.ecse321_group14.GameShop.service.ManagerServiceTests]: ManagerServiceTests does not declare any static, non-private, non-final, nested classes annotated with @Configuration.
2024-11-25T19:08:43.164-05:00  INFO 27174 --- [GameShop] [    Test worker] .b.t.c.SpringBootTestContextBootstrapper : Found @SpringBootConfiguration ca.mcgill.ecse321_group14.GameShop.GameShopApplication for test class ca.mcgill.ecse321_group14.GameShop.service.ManagerServiceTests
]]></system-out>
  <system-err><![CDATA[]]></system-err>
</testsuite>
