<?xml version="1.0" encoding="UTF-8"?>
<testsuite name="ca.mcgill.ecse321_group14.GameShop.integration.ReviewIntegrationTests" tests="4" skipped="0" failures="0" errors="0" timestamp="2024-11-26T00:08:37" hostname="Dianas-MacBook-Air.local" time="0.075">
  <properties/>
  <testcase name="testCreateCustomer()" classname="ca.mcgill.ecse321_group14.GameShop.integration.ReviewIntegrationTests" time="0.006"/>
  <testcase name="testCreateGame()" classname="ca.mcgill.ecse321_group14.GameShop.integration.ReviewIntegrationTests" time="0.004"/>
  <testcase name="testCreateReview()" classname="ca.mcgill.ecse321_group14.GameShop.integration.ReviewIntegrationTests" time="0.046"/>
  <testcase name="testGetReview()" classname="ca.mcgill.ecse321_group14.GameShop.integration.ReviewIntegrationTests" time="0.015"/>
  <system-out><![CDATA[2024-11-25T19:08:37.377-05:00  INFO 27174 --- [GameShop] [    Test worker] t.c.s.AnnotationConfigContextLoaderUtils : Could not detect default configuration classes for test class [ca.mcgill.ecse321_group14.GameShop.integration.ReviewIntegrationTests]: ReviewIntegrationTests does not declare any static, non-private, non-final, nested classes annotated with @Configuration.
2024-11-25T19:08:37.378-05:00  INFO 27174 --- [GameShop] [    Test worker] .b.t.c.SpringBootTestContextBootstrapper : Found @SpringBootConfiguration ca.mcgill.ecse321_group14.GameShop.GameShopApplication for test class ca.mcgill.ecse321_group14.GameShop.integration.ReviewIntegrationTests
]]></system-out>
  <system-err><![CDATA[]]></system-err>
</testsuite>
