<?xml version="1.0" encoding="UTF-8"?>
<testsuite name="ca.mcgill.ecse321_group14.GameShop.repository.ManagerRepositoryTest" tests="1" skipped="0" failures="0" errors="0" timestamp="2024-11-26T00:08:38" hostname="Dianas-MacBook-Air.local" time="0.025">
  <properties/>
  <testcase name="testCreateAndReadManager()" classname="ca.mcgill.ecse321_group14.GameShop.repository.ManagerRepositoryTest" time="0.025"/>
  <system-out><![CDATA[2024-11-25T19:08:38.075-05:00  INFO 27174 --- [GameShop] [    Test worker] t.c.s.AnnotationConfigContextLoaderUtils : Could not detect default configuration classes for test class [ca.mcgill.ecse321_group14.GameShop.repository.ManagerRepositoryTest]: ManagerRepositoryTest does not declare any static, non-private, non-final, nested classes annotated with @Configuration.
2024-11-25T19:08:38.078-05:00  INFO 27174 --- [GameShop] [    Test worker] .b.t.c.SpringBootTestContextBootstrapper : Found @SpringBootConfiguration ca.mcgill.ecse321_group14.GameShop.GameShopApplication for test class ca.mcgill.ecse321_group14.GameShop.repository.ManagerRepositoryTest
]]></system-out>
  <system-err><![CDATA[]]></system-err>
</testsuite>
