<?xml version="1.0" encoding="UTF-8"?>
<testsuite name="ca.mcgill.ecse321_group14.GameShop.integration.PolicyIntegrationTests" tests="10" skipped="0" failures="0" errors="0" timestamp="2024-11-26T00:08:36" hostname="Dianas-MacBook-Air.local" time="0.33">
  <properties/>
  <testcase name="testCreateValidPolicy()" classname="ca.mcgill.ecse321_group14.GameShop.integration.PolicyIntegrationTests" time="0.033"/>
  <testcase name="testCreateInvalidPolicy()" classname="ca.mcgill.ecse321_group14.GameShop.integration.PolicyIntegrationTests" time="0.012"/>
  <testcase name="testGetPolicy()" classname="ca.mcgill.ecse321_group14.GameShop.integration.PolicyIntegrationTests" time="0.033"/>
  <testcase name="testGetNonExistentPolicy()" classname="ca.mcgill.ecse321_group14.GameShop.integration.PolicyIntegrationTests" time="0.015"/>
  <testcase name="testUpdatePolicy()" classname="ca.mcgill.ecse321_group14.GameShop.integration.PolicyIntegrationTests" time="0.024"/>
  <testcase name="testUpdateNonExistentPolicy()" classname="ca.mcgill.ecse321_group14.GameShop.integration.PolicyIntegrationTests" time="0.016"/>
  <testcase name="testUpdatePolicyInvalidDescription()" classname="ca.mcgill.ecse321_group14.GameShop.integration.PolicyIntegrationTests" time="0.031"/>
  <testcase name="testDeletePolicy()" classname="ca.mcgill.ecse321_group14.GameShop.integration.PolicyIntegrationTests" time="0.065"/>
  <testcase name="testDeleteNonExistentPolicy()" classname="ca.mcgill.ecse321_group14.GameShop.integration.PolicyIntegrationTests" time="0.06"/>
  <testcase name="testDeletePolicyInvalidId()" classname="ca.mcgill.ecse321_group14.GameShop.integration.PolicyIntegrationTests" time="0.035"/>
  <system-out><![CDATA[2024-11-25T19:08:36.672-05:00  INFO 27174 --- [GameShop] [    Test worker] t.c.s.AnnotationConfigContextLoaderUtils : Could not detect default configuration classes for test class [ca.mcgill.ecse321_group14.GameShop.integration.PolicyIntegrationTests]: PolicyIntegrationTests does not declare any static, non-private, non-final, nested classes annotated with @Configuration.
2024-11-25T19:08:36.676-05:00  INFO 27174 --- [GameShop] [    Test worker] .b.t.c.SpringBootTestContextBootstrapper : Found @SpringBootConfiguration ca.mcgill.ecse321_group14.GameShop.GameShopApplication for test class ca.mcgill.ecse321_group14.GameShop.integration.PolicyIntegrationTests
Description cannot be empty.
Policy does not exist!
Policy does not exist!
Description cannot be empty.
Policy does not exist!
]]></system-out>
  <system-err><![CDATA[]]></system-err>
</testsuite>
