<?xml version="1.0" encoding="UTF-8"?>
<testsuite name="ca.mcgill.ecse321_group14.GameShop.integration.PromotionIntegrationTests" tests="5" skipped="0" failures="0" errors="0" timestamp="2024-11-26T00:08:37" hostname="Dianas-MacBook-Air.local" time="0.128">
  <properties/>
  <testcase name="testCreateGame()" classname="ca.mcgill.ecse321_group14.GameShop.integration.PromotionIntegrationTests" time="0.017"/>
  <testcase name="testCreatePromotion()" classname="ca.mcgill.ecse321_group14.GameShop.integration.PromotionIntegrationTests" time="0.041"/>
  <testcase name="testGetPromotion()" classname="ca.mcgill.ecse321_group14.GameShop.integration.PromotionIntegrationTests" time="0.018"/>
  <testcase name="testUpdatePromotion()" classname="ca.mcgill.ecse321_group14.GameShop.integration.PromotionIntegrationTests" time="0.031"/>
  <testcase name="testDeletePromotion()" classname="ca.mcgill.ecse321_group14.GameShop.integration.PromotionIntegrationTests" time="0.019"/>
  <system-out><![CDATA[2024-11-25T19:08:37.049-05:00  INFO 27174 --- [GameShop] [    Test worker] t.c.s.AnnotationConfigContextLoaderUtils : Could not detect default configuration classes for test class [ca.mcgill.ecse321_group14.GameShop.integration.PromotionIntegrationTests]: PromotionIntegrationTests does not declare any static, non-private, non-final, nested classes annotated with @Configuration.
2024-11-25T19:08:37.055-05:00  INFO 27174 --- [GameShop] [    Test worker] .b.t.c.SpringBootTestContextBootstrapper : Found @SpringBootConfiguration ca.mcgill.ecse321_group14.GameShop.GameShopApplication for test class ca.mcgill.ecse321_group14.GameShop.integration.PromotionIntegrationTests
]]></system-out>
  <system-err><![CDATA[]]></system-err>
</testsuite>
