<?xml version="1.0" encoding="UTF-8"?>
<testsuite name="ca.mcgill.ecse321_group14.GameShop.service.ReplyServiceTests" tests="8" skipped="0" failures="0" errors="0" timestamp="2024-11-26T00:08:44" hostname="Dianas-MacBook-Air.local" time="0.098">
  <properties/>
  <testcase name="testDeleteReplyByValidId()" classname="ca.mcgill.ecse321_group14.GameShop.service.ReplyServiceTests" time="0.015"/>
  <testcase name="testCreateReplyWithNonExistentManager()" classname="ca.mcgill.ecse321_group14.GameShop.service.ReplyServiceTests" time="0.007"/>
  <testcase name="testCreateReplyWithNonExistentReview()" classname="ca.mcgill.ecse321_group14.GameShop.service.ReplyServiceTests" time="0.008"/>
  <testcase name="testCreateReply()" classname="ca.mcgill.ecse321_group14.GameShop.service.ReplyServiceTests" time="0.006"/>
  <testcase name="testDeleteReplyByInvalidId()" classname="ca.mcgill.ecse321_group14.GameShop.service.ReplyServiceTests" time="0.005"/>
  <testcase name="testGetReplyByInvalidId()" classname="ca.mcgill.ecse321_group14.GameShop.service.ReplyServiceTests" time="0.009"/>
  <testcase name="testCreateReplyWithNullDescription()" classname="ca.mcgill.ecse321_group14.GameShop.service.ReplyServiceTests" time="0.008"/>
  <testcase name="testGetReplyByValidId()" classname="ca.mcgill.ecse321_group14.GameShop.service.ReplyServiceTests" time="0.004"/>
  <system-out><![CDATA[2024-11-25T19:08:44.775-05:00  INFO 27174 --- [GameShop] [    Test worker] t.c.s.AnnotationConfigContextLoaderUtils : Could not detect default configuration classes for test class [ca.mcgill.ecse321_group14.GameShop.service.ReplyServiceTests]: ReplyServiceTests does not declare any static, non-private, non-final, nested classes annotated with @Configuration.
2024-11-25T19:08:44.796-05:00  INFO 27174 --- [GameShop] [    Test worker] .b.t.c.SpringBootTestContextBootstrapper : Found @SpringBootConfiguration ca.mcgill.ecse321_group14.GameShop.GameShopApplication for test class ca.mcgill.ecse321_group14.GameShop.service.ReplyServiceTests
]]></system-out>
  <system-err><![CDATA[]]></system-err>
</testsuite>
