<?xml version="1.0" encoding="UTF-8"?>
<testsuite name="ca.mcgill.ecse321_group14.GameShop.service.OrderitemServiceTests" tests="5" skipped="0" failures="0" errors="0" timestamp="2024-11-26T00:08:43" hostname="Dianas-MacBook-Air.local" time="0.126">
  <properties/>
  <testcase name="testCreateOrderitem()" classname="ca.mcgill.ecse321_group14.GameShop.service.OrderitemServiceTests" time="0.106"/>
  <testcase name="testCreateOrderitemAlreadyExists()" classname="ca.mcgill.ecse321_group14.GameShop.service.OrderitemServiceTests" time="0.004"/>
  <testcase name="testDeleteOrderitem()" classname="ca.mcgill.ecse321_group14.GameShop.service.OrderitemServiceTests" time="0.003"/>
  <testcase name="testGetOrderitem()" classname="ca.mcgill.ecse321_group14.GameShop.service.OrderitemServiceTests" time="0.005"/>
  <testcase name="testFindOrderItemsByOrderId()" classname="ca.mcgill.ecse321_group14.GameShop.service.OrderitemServiceTests" time="0.005"/>
  <system-out><![CDATA[]]></system-out>
  <system-err><![CDATA[]]></system-err>
</testsuite>
