<?xml version="1.0" encoding="UTF-8"?>
<testsuite name="ca.mcgill.ecse321_group14.GameShop.service.OrderServiceTests" tests="5" skipped="0" failures="0" errors="0" timestamp="2024-11-26T00:08:43" hostname="Dianas-MacBook-Air.local" time="0.039">
  <properties/>
  <testcase name="testCreateOrderNonExistentCustomer()" classname="ca.mcgill.ecse321_group14.GameShop.service.OrderServiceTests" time="0.008"/>
  <testcase name="testGetOrderNonExistentOrder()" classname="ca.mcgill.ecse321_group14.GameShop.service.OrderServiceTests" time="0.004"/>
  <testcase name="testGetOrder()" classname="ca.mcgill.ecse321_group14.GameShop.service.OrderServiceTests" time="0.003"/>
  <testcase name="testCreateOrder()" classname="ca.mcgill.ecse321_group14.GameShop.service.OrderServiceTests" time="0.007"/>
  <testcase name="testDeleteAllOrders()" classname="ca.mcgill.ecse321_group14.GameShop.service.OrderServiceTests" time="0.004"/>
  <system-out><![CDATA[2024-11-25T19:08:43.551-05:00  INFO 27174 --- [GameShop] [    Test worker] t.c.s.AnnotationConfigContextLoaderUtils : Could not detect default configuration classes for test class [ca.mcgill.ecse321_group14.GameShop.service.OrderServiceTests]: OrderServiceTests does not declare any static, non-private, non-final, nested classes annotated with @Configuration.
2024-11-25T19:08:43.558-05:00  INFO 27174 --- [GameShop] [    Test worker] .b.t.c.SpringBootTestContextBootstrapper : Found @SpringBootConfiguration ca.mcgill.ecse321_group14.GameShop.GameShopApplication for test class ca.mcgill.ecse321_group14.GameShop.service.OrderServiceTests
]]></system-out>
  <system-err><![CDATA[]]></system-err>
</testsuite>
