<?xml version="1.0" encoding="UTF-8"?>
<testsuite name="ca.mcgill.ecse321_group14.GameShop.service.GameServiceTests" tests="17" skipped="0" failures="0" errors="0" timestamp="2024-11-26T00:08:42" hostname="Dianas-MacBook-Air.local" time="0.27">
  <properties/>
  <testcase name="testCreateGameNullRating()" classname="ca.mcgill.ecse321_group14.GameShop.service.GameServiceTests" time="0.021"/>
  <testcase name="testFindGameByValidId()" classname="ca.mcgill.ecse321_group14.GameShop.service.GameServiceTests" time="0.012"/>
  <testcase name="testUpdateGameByInvalidNegativeId()" classname="ca.mcgill.ecse321_group14.GameShop.service.GameServiceTests" time="0.016"/>
  <testcase name="testDeleteGameInvalidPerson()" classname="ca.mcgill.ecse321_group14.GameShop.service.GameServiceTests" time="0.042"/>
  <testcase name="testCreateGameNullName()" classname="ca.mcgill.ecse321_group14.GameShop.service.GameServiceTests" time="0.01"/>
  <testcase name="testCreateGameNullCategory()" classname="ca.mcgill.ecse321_group14.GameShop.service.GameServiceTests" time="0.008"/>
  <testcase name="testFindGameByInvalidNegativeId()" classname="ca.mcgill.ecse321_group14.GameShop.service.GameServiceTests" time="0.011"/>
  <testcase name="testCreateGameNullDescription()" classname="ca.mcgill.ecse321_group14.GameShop.service.GameServiceTests" time="0.01"/>
  <testcase name="testDeleteGameNullName()" classname="ca.mcgill.ecse321_group14.GameShop.service.GameServiceTests" time="0.007"/>
  <testcase name="testFindGameByNonExistentId()" classname="ca.mcgill.ecse321_group14.GameShop.service.GameServiceTests" time="0.01"/>
  <testcase name="testCreateGameNullPicture()" classname="ca.mcgill.ecse321_group14.GameShop.service.GameServiceTests" time="0.006"/>
  <testcase name="testUpdateGameByValidId()" classname="ca.mcgill.ecse321_group14.GameShop.service.GameServiceTests" time="0.007"/>
  <testcase name="testDeleteGame()" classname="ca.mcgill.ecse321_group14.GameShop.service.GameServiceTests" time="0.006"/>
  <testcase name="testCreateGameNullPrice()" classname="ca.mcgill.ecse321_group14.GameShop.service.GameServiceTests" time="0.005"/>
  <testcase name="testCreateValidGame()" classname="ca.mcgill.ecse321_group14.GameShop.service.GameServiceTests" time="0.005"/>
  <testcase name="testUpdateGameByInvalidId()" classname="ca.mcgill.ecse321_group14.GameShop.service.GameServiceTests" time="0.005"/>
  <testcase name="testCreateGameNullQuantity()" classname="ca.mcgill.ecse321_group14.GameShop.service.GameServiceTests" time="0.008"/>
  <system-out><![CDATA[2024-11-25T19:08:42.495-05:00  INFO 27174 --- [GameShop] [    Test worker] t.c.s.AnnotationConfigContextLoaderUtils : Could not detect default configuration classes for test class [ca.mcgill.ecse321_group14.GameShop.service.GameServiceTests]: GameServiceTests does not declare any static, non-private, non-final, nested classes annotated with @Configuration.
2024-11-25T19:08:42.506-05:00  INFO 27174 --- [GameShop] [    Test worker] .b.t.c.SpringBootTestContextBootstrapper : Found @SpringBootConfiguration ca.mcgill.ecse321_group14.GameShop.GameShopApplication for test class ca.mcgill.ecse321_group14.GameShop.service.GameServiceTests
]]></system-out>
  <system-err><![CDATA[]]></system-err>
</testsuite>
