<?xml version="1.0" encoding="UTF-8"?>
<testsuite name="ca.mcgill.ecse321_group14.GameShop.repository.PolicyRepositoryTest" tests="1" skipped="0" failures="0" errors="0" timestamp="2024-11-26T00:08:38" hostname="Dianas-MacBook-Air.local" time="0.029">
  <properties/>
  <testcase name="testCreateAndReadPolicy()" classname="ca.mcgill.ecse321_group14.GameShop.repository.PolicyRepositoryTest" time="0.029"/>
  <system-out><![CDATA[2024-11-25T19:08:38.212-05:00  INFO 27174 --- [GameShop] [    Test worker] t.c.s.AnnotationConfigContextLoaderUtils : Could not detect default configuration classes for test class [ca.mcgill.ecse321_group14.GameShop.repository.PolicyRepositoryTest]: PolicyRepositoryTest does not declare any static, non-private, non-final, nested classes annotated with @Configuration.
2024-11-25T19:08:38.215-05:00  INFO 27174 --- [GameShop] [    Test worker] .b.t.c.SpringBootTestContextBootstrapper : Found @SpringBootConfiguration ca.mcgill.ecse321_group14.GameShop.GameShopApplication for test class ca.mcgill.ecse321_group14.GameShop.repository.PolicyRepositoryTest
]]></system-out>
  <system-err><![CDATA[]]></system-err>
</testsuite>
