<?xml version="1.0" encoding="UTF-8"?>
<testsuite name="ca.mcgill.ecse321_group14.GameShop.service.PolicyServiceTests" tests="8" skipped="0" failures="0" errors="0" timestamp="2024-11-26T00:08:43" hostname="Dianas-MacBook-Air.local" time="0.232">
  <properties/>
  <testcase name="testUpdatePolicyNonExistentId()" classname="ca.mcgill.ecse321_group14.GameShop.service.PolicyServiceTests" time="0.007"/>
  <testcase name="testCreatePolicy()" classname="ca.mcgill.ecse321_group14.GameShop.service.PolicyServiceTests" time="0.004"/>
  <testcase name="testCreatePolicyNullDescription()" classname="ca.mcgill.ecse321_group14.GameShop.service.PolicyServiceTests" time="0.004"/>
  <testcase name="testUpdatePolicy()" classname="ca.mcgill.ecse321_group14.GameShop.service.PolicyServiceTests" time="0.005"/>
  <testcase name="testDeletePolicy()" classname="ca.mcgill.ecse321_group14.GameShop.service.PolicyServiceTests" time="0.006"/>
  <testcase name="testGetPolicyNonExistentId()" classname="ca.mcgill.ecse321_group14.GameShop.service.PolicyServiceTests" time="0.006"/>
  <testcase name="testGetPolicy()" classname="ca.mcgill.ecse321_group14.GameShop.service.PolicyServiceTests" time="0.006"/>
  <testcase name="testDeletePolicyNonExistentId()" classname="ca.mcgill.ecse321_group14.GameShop.service.PolicyServiceTests" time="0.175"/>
  <system-out><![CDATA[2024-11-25T19:08:43.882-05:00  INFO 27174 --- [GameShop] [    Test worker] t.c.s.AnnotationConfigContextLoaderUtils : Could not detect default configuration classes for test class [ca.mcgill.ecse321_group14.GameShop.service.PolicyServiceTests]: PolicyServiceTests does not declare any static, non-private, non-final, nested classes annotated with @Configuration.
2024-11-25T19:08:43.890-05:00  INFO 27174 --- [GameShop] [    Test worker] .b.t.c.SpringBootTestContextBootstrapper : Found @SpringBootConfiguration ca.mcgill.ecse321_group14.GameShop.GameShopApplication for test class ca.mcgill.ecse321_group14.GameShop.service.PolicyServiceTests
]]></system-out>
  <system-err><![CDATA[]]></system-err>
</testsuite>
