<?xml version="1.0" encoding="UTF-8"?>
<testsuite name="ca.mcgill.ecse321_group14.GameShop.service.PromotionServiceTests" tests="8" skipped="0" failures="0" errors="0" timestamp="2024-11-26T00:08:44" hostname="Dianas-MacBook-Air.local" time="0.429">
  <properties/>
  <testcase name="testGetPromotionNotFound()" classname="ca.mcgill.ecse321_group14.GameShop.service.PromotionServiceTests" time="0.382"/>
  <testcase name="testDeletePromotion()" classname="ca.mcgill.ecse321_group14.GameShop.service.PromotionServiceTests" time="0.008"/>
  <testcase name="testUpdatePromotionNotFound()" classname="ca.mcgill.ecse321_group14.GameShop.service.PromotionServiceTests" time="0.006"/>
  <testcase name="testGetPromotion()" classname="ca.mcgill.ecse321_group14.GameShop.service.PromotionServiceTests" time="0.002"/>
  <testcase name="testUpdatePromotion()" classname="ca.mcgill.ecse321_group14.GameShop.service.PromotionServiceTests" time="0.004"/>
  <testcase name="testDeletePromotionNotFound()" classname="ca.mcgill.ecse321_group14.GameShop.service.PromotionServiceTests" time="0.003"/>
  <testcase name="testCreatePromotion()" classname="ca.mcgill.ecse321_group14.GameShop.service.PromotionServiceTests" time="0.004"/>
  <testcase name="testCreatePromotionGameDoesNotExist()" classname="ca.mcgill.ecse321_group14.GameShop.service.PromotionServiceTests" time="0.004"/>
  <system-out><![CDATA[]]></system-out>
  <system-err><![CDATA[]]></system-err>
</testsuite>
